[nltk_data] Downloading package stopwords to
[nltk_data]     /home1/i/irebecca/nltk_data...
[nltk_data]   Package stopwords is already up-to-date!
[nltk_data] Downloading package punkt to
[nltk_data]     /home1/i/irebecca/nltk_data...
[nltk_data]   Package punkt is already up-to-date!

---argparser---:
outDir out/ 	 <class 'str'>
dataDir data/ 	 <class 'str'>
end_index 5 	 <class 'str'>
DEBUG_flag False 	 <class 'str'>

---train fnames---
len: 6
data/train.choices.pkl
data/train.choices.txt
data/train.pkl
data/train_comments.tok.32000.txt
data/train_comments.tok.txt
data/train_comments.txt

---val fnames---
len: 6
data/val.choices.pkl
data/val.choices.txt
data/val.pkl
data/val_comments.tok.32000.txt
data/val_comments.tok.txt
data/val_comments.txt

---test fnames---
len: 6
data/test.choices.pkl
data/test.choices.txt
data/test.pkl
data/test_comments.tok.32000.txt
data/test_comments.tok.txt
data/test_comments.txt

running board on full dataset..

Time elapsed making board feature matrix:	00:01:53

running text on full dataset..

Time elapsed making text feature matrix:	00:00:18

train_board_feature_matrix.shape: (209566, 364)
train_text_feature_matrix.shape: (209566, 1000)

Line 122 boards_mat.shape: (209566, 364) text_mat.shape: (209566, 1000)

Line 143 X.shape, y.shape: ((2095660, 1364), (2095660,))
Time elapsed getting examples:	00:00:49

running board on full dataset..

Time elapsed making board feature matrix:	00:00:10

running text on full dataset..

Time elapsed making text feature matrix:	00:00:01

Line 122 boards_mat.shape: (20676, 364) text_mat.shape: (20676, 1000)

Line 143 X.shape, y.shape: ((206760, 1364), (206760,))
Time elapsed getting examples:	00:00:03
Line 150 X.shape: (2095660, 1364) y.shape: (2095660,) X_text.shape: (2095660, 1364) y_test.shape: (2095660,)
Time elapsed training :	00:35:18
Line 150 X.shape: (2095660, 1364) y.shape: (2095660,) X_text.shape: (206760, 1364) y_test.shape: (206760,)
Time elapsed training :	00:37:22

---baseline stats---
train accuracy:	0.9
val accuracy:	0.9
Time elapsed in main:	01:22:37
