[nltk_data] Downloading package stopwords to
[nltk_data]     /home1/i/irebecca/nltk_data...
[nltk_data]   Package stopwords is already up-to-date!
[nltk_data] Downloading package punkt to
[nltk_data]     /home1/i/irebecca/nltk_data...
[nltk_data]   Package punkt is already up-to-date!

---argparser---:
notes l2 hyperparameters to search with saga, max_iter=5K, 50/50 ratio, 20K examples subset, using model.predict() method, combined train+val example. 	 <class 'str'>
outDir out/ 	 <class 'str'>
dataDir data/ 	 <class 'str'>

---train fnames---
len: 6
data/train.choices.pkl
data/train.choices.txt
data/train.pkl
data/train_comments.tok.32000.txt
data/train_comments.tok.txt
data/train_comments.txt

---val fnames---
len: 6
data/val.choices.pkl
data/val.choices.txt
data/val.pkl
data/val_comments.tok.32000.txt
data/val_comments.tok.txt
data/val_comments.txt

---test fnames---
len: 6
data/test.choices.pkl
data/test.choices.txt
data/test.pkl
data/test_comments.tok.32000.txt
data/test_comments.tok.txt
data/test_comments.txt

---TRAIN EXAMPLES---
board_feature_matrix.shape: (209566, 364)
Time elapsed making board feature matrix:	00:04:17
text_feature_matrix.shape: (209566, 1000)
Time elapsed making text feature matrix:	00:00:10
boards_mat.shape: (209566, 364)
len(text_mat): 209566
cur fname: data/train.choices.txt

X num_examples: (419132, 1364)	y num_examples: (419132,)
Time elapsed getting examples:	00:00:07

---VALIDATION EXAMPLES---
board_feature_matrix.shape: (20676, 364)
Time elapsed making board feature matrix:	00:00:25
text_feature_matrix.shape: (20676, 1000)
Time elapsed making text feature matrix:	00:00:01
boards_mat.shape: (20676, 364)
len(text_mat): 20676
cur fname: data/val.choices.txt

X num_examples: (41352, 1364)	y num_examples: (41352,)
Time elapsed getting examples:	00:00:00

---TEST EXAMPLES---
board_feature_matrix.shape: (91468, 364)
Time elapsed making board feature matrix:	00:01:50
text_feature_matrix.shape: (91468, 1000)
Time elapsed making text feature matrix:	00:00:04
boards_mat.shape: (91468, 364)
len(text_mat): 91468
cur fname: data/test.choices.txt

X num_examples: (182936, 1364)	y num_examples: (182936,)
Time elapsed getting examples:	00:00:03

---TRAIN+VALIDATION COMBINED EXAMPLES FOR AUTOGRID SEARCH---
boards_mat.shape: (209566, 364)
len(text_mat): 209566
cur fname: data/train.choices.txt

boards_mat.shape: (20676, 364)
len(text_mat): 20676
cur fname: data/val.choices.txt

X num_examples: (460484, 1364)	y num_examples: (460484,)
Time elapsed getting examples:	00:00:08

---Logistic Regression Auto Grid In Progress---
starting auto parameter search..
end auto parameter search..
Time elapsed in doing an automatic parameter search:	00:00:27

starting auto parameter search..
end auto parameter search..
Time elapsed in doing an automatic parameter search:	00:00:28

starting auto parameter search..
end auto parameter search..
Time elapsed in doing an automatic parameter search:	00:00:27


---Results---
train:	params: {'C': 1, 'penalty': 'l2', 'solver': 'liblinear'}	accuracy: 0.9220913697832663
val:	params: {'C': 1, 'penalty': 'l2', 'solver': 'liblinear'}	accuracy: 0.5120187657187076
test:	params: {'C': 1, 'penalty': 'l2', 'solver': 'liblinear'}	accuracy: 0.5385162023877202
Time elapsed in main:	00:08:48
